2025-09-17 14:42:24,026 - __main__ - WARNING - No se pudo cargar el icono de la aplicación
2025-09-17 14:42:24,027 - utils.config_manager - INFO - Configuración cargada correctamente
2025-09-17 14:42:37,971 - views.login_window - INFO - Usuario autenticado correctamente
2025-09-17 14:42:42,203 - utils.config_manager - INFO - Configuración guardada correctamente
2025-09-17 14:42:42,205 - views.main_view - INFO - Opción 'No tiene distrito' cambiada a: False
2025-09-17 14:42:43,027 - utils.config_manager - INFO - Configuración guardada correctamente
2025-09-17 14:42:43,027 - views.main_view - INFO - Opción 'No tiene distrito' cambiada a: True
2025-09-17 14:42:51,683 - views.main_view - INFO - Iniciando proceso de búsqueda...
2025-09-17 14:42:51,684 - views.main_view - INFO - Distrito: No tiene distrito (usando LT)
2025-09-17 14:42:51,684 - views.main_view - INFO - Lotes: 1 a 462
2025-09-17 14:42:51,684 - views.main_view - INFO - Tiempo de espera entre lotes: 1 segundos
2025-09-17 14:42:51,685 - views.main_view - INFO - Secuencia predefinida a ejecutar:
2025-09-17 14:42:51,685 - views.main_view - INFO -   1. img/b1.png (clics: 1, confianza: 0.68)
2025-09-17 14:42:51,685 - views.main_view - INFO -   2. img/b2.png (clics: 1, confianza: 0.68)
2025-09-17 14:42:51,686 - views.main_view - INFO -   3. img/b3.png (clics: 1, confianza: 0.68)
2025-09-17 14:42:51,686 - views.main_view - INFO -   4. img/b4.png (clics: 1, confianza: 0.68)
2025-09-17 14:42:51,687 - views.main_view - INFO -   5. img/b1.png (clics: 1, confianza: 0.68)
2025-09-17 14:42:51,687 - views.main_view - INFO -   6. img/b6.png (clics: 1, confianza: 0.68)
2025-09-17 14:42:51,688 - views.main_view - INFO -   7. img/b7.png (clics: 1, confianza: 0.68)
2025-09-17 14:42:51,688 - views.main_view - INFO -   8. img/b8.png (clics: 1, confianza: 0.68)
2025-09-17 14:42:51,689 - views.main_view - INFO - Procesando archivo: LT 2.KML
2025-09-17 14:42:51,955 - models.image_search_model - INFO - Intento 0: Mejor coincidencia: 0.51
2025-09-17 14:43:01,959 - views.main_view - INFO - Botón 'img/b1.png' no encontrado. Mejor coincidencia: 0.51 (Intento 1)
2025-09-17 14:43:03,199 - views.main_view - INFO - Botón 'img/b1.png' no encontrado. Mejor coincidencia: 0.51 (Intento 2)
2025-09-17 14:43:04,474 - views.main_view - INFO - Botón 'img/b1.png' no encontrado. Mejor coincidencia: 0.51 (Intento 3)
2025-09-17 14:43:05,734 - views.main_view - INFO - Botón 'img/b1.png' no encontrado. Mejor coincidencia: 0.51 (Intento 4)
2025-09-17 14:43:06,986 - views.main_view - INFO - Botón 'img/b1.png' no encontrado. Mejor coincidencia: 0.51 (Intento 5)
2025-09-17 14:43:08,239 - views.main_view - INFO - Botón 'img/b1.png' no encontrado. Mejor coincidencia: 0.51 (Intento 6)
2025-09-17 14:43:09,514 - views.main_view - INFO - Botón 'img/b1.png' no encontrado. Mejor coincidencia: 0.51 (Intento 7)
2025-09-17 14:43:10,773 - views.main_view - INFO - Botón 'img/b1.png' no encontrado. Mejor coincidencia: 0.51 (Intento 8)
2025-09-17 14:43:12,028 - views.main_view - INFO - Botón 'img/b1.png' no encontrado. Mejor coincidencia: 0.51 (Intento 9)
2025-09-17 14:43:13,280 - views.main_view - INFO - Botón 'img/b1.png' no encontrado. Mejor coincidencia: 0.51 (Intento 10)
2025-09-17 14:43:13,527 - models.image_search_model - INFO - Intento 10: Mejor coincidencia: 0.51
2025-09-17 14:43:23,531 - views.main_view - INFO - Botón 'img/b1.png' no encontrado. Mejor coincidencia: 0.51 (Intento 11)
2025-09-17 14:43:24,776 - views.main_view - INFO - Botón 'img/b1.png' no encontrado. Mejor coincidencia: 0.51 (Intento 12)
2025-09-17 14:43:26,033 - views.main_view - INFO - Botón 'img/b1.png' no encontrado. Mejor coincidencia: 0.51 (Intento 13)
2025-09-17 14:43:27,280 - views.main_view - INFO - Botón 'img/b1.png' no encontrado. Mejor coincidencia: 0.51 (Intento 14)
2025-09-17 14:43:28,540 - views.main_view - INFO - Botón 'img/b1.png' no encontrado. Mejor coincidencia: 0.51 (Intento 15)
2025-09-17 14:43:29,784 - views.main_view - INFO - Botón 'img/b1.png' no encontrado. Mejor coincidencia: 0.51 (Intento 16)
2025-09-17 14:43:31,031 - views.main_view - INFO - Botón 'img/b1.png' no encontrado. Mejor coincidencia: 0.51 (Intento 17)
2025-09-17 14:43:32,271 - views.main_view - INFO - Botón 'img/b1.png' no encontrado. Mejor coincidencia: 0.51 (Intento 18)
2025-09-17 14:43:33,544 - views.main_view - INFO - Botón 'img/b1.png' no encontrado. Mejor coincidencia: 0.51 (Intento 19)
2025-09-17 14:43:34,793 - views.main_view - INFO - Botón 'img/b1.png' no encontrado. Mejor coincidencia: 0.51 (Intento 20)
2025-09-17 14:43:35,026 - models.image_search_model - INFO - Intento 20: Mejor coincidencia: 0.51
2025-09-17 14:43:42,087 - views.main_view - INFO - Proceso detenido
2025-09-17 14:43:45,030 - views.main_view - INFO - Botón 'img/b1.png' no encontrado. Mejor coincidencia: 0.51 (Intento 21)
2025-09-17 14:43:45,034 - views.main_view - INFO - Error: No se pudo encontrar el botón 'img/b1.png' después de 30 intentos
2025-09-17 14:43:45,036 - views.main_view - INFO - Secuencia interrumpida para lote 2 de 462
2025-09-17 14:43:45,042 - views.main_view - INFO - Proceso completado
2025-09-17 15:04:30,766 - __main__ - WARNING - No se pudo cargar el icono de la aplicación
2025-09-17 15:04:30,766 - utils.config_manager - INFO - Configuración cargada correctamente
2025-09-17 15:04:39,919 - views.login_window - INFO - Usuario autenticado correctamente
2025-09-17 15:04:43,471 - views.main_view - INFO - Iniciando proceso de búsqueda...
2025-09-17 15:04:43,472 - views.main_view - INFO - Distrito: No tiene distrito (usando LT)
2025-09-17 15:04:43,472 - views.main_view - INFO - Lotes: 1 a 462
2025-09-17 15:04:43,472 - views.main_view - INFO - Tiempo de espera entre lotes: 1 segundos
2025-09-17 15:04:43,473 - views.main_view - INFO - Secuencia predefinida a ejecutar:
2025-09-17 15:04:43,473 - views.main_view - INFO -   1. img/b1.png (clics: 1, confianza: 0.68)
2025-09-17 15:04:43,473 - views.main_view - INFO -   2. img/b2.png (clics: 1, confianza: 0.68)
2025-09-17 15:04:43,474 - views.main_view - INFO -   3. img/b3.png (clics: 1, confianza: 0.68)
2025-09-17 15:04:43,474 - views.main_view - INFO -   4. img/b4.png (clics: 1, confianza: 0.68)
2025-09-17 15:04:43,474 - views.main_view - INFO -   5. img/b1.png (clics: 1, confianza: 0.68)
2025-09-17 15:04:43,475 - views.main_view - INFO -   6. img/b6.png (clics: 1, confianza: 0.68)
2025-09-17 15:04:43,476 - views.main_view - INFO -   7. img/b7.png (clics: 1, confianza: 0.68)
2025-09-17 15:04:43,477 - views.main_view - INFO -   8. img/b8.png (clics: 1, confianza: 0.68)
2025-09-17 15:04:43,479 - utils.config_manager - INFO - Configuración guardada correctamente
2025-09-17 15:04:43,485 - views.main_view - INFO - Procesando lote 1 de 462
2025-09-17 15:04:43,488 - views.main_view - INFO - Procesando archivo: LT 1.KML
2025-09-17 15:04:43,779 - models.image_search_model - INFO - Intento 0: Mejor coincidencia: 0.51
2025-09-17 15:04:53,781 - views.main_view - INFO - Botón 'img/b1.png' no encontrado. Mejor coincidencia: 0.51 (Intento 1)
2025-09-17 15:04:55,074 - views.main_view - INFO - Botón 'img/b1.png' no encontrado. Mejor coincidencia: 0.51 (Intento 2)
2025-09-17 15:04:56,395 - views.main_view - INFO - Botón 'img/b1.png' no encontrado. Mejor coincidencia: 0.51 (Intento 3)
2025-09-17 15:04:57,668 - views.main_view - INFO - Botón 'img/b1.png' no encontrado. Mejor coincidencia: 0.51 (Intento 4)
2025-09-17 15:04:58,664 - views.main_view - INFO - Proceso detenido
2025-09-17 15:04:58,953 - views.main_view - INFO - Botón 'img/b1.png' no encontrado. Mejor coincidencia: 0.51 (Intento 5)
2025-09-17 15:04:58,956 - controllers.image_search_controller - ERROR - Error inesperado en run_lotes: 'ImageSearchModel' object has no attribute 'max_intentos'
2025-09-17 15:04:58,960 - views.main_view - INFO - Error inesperado: 'ImageSearchModel' object has no attribute 'max_intentos'
2025-09-17 15:05:05,234 - utils.config_manager - INFO - Configuración guardada correctamente
2025-09-17 15:05:05,330 - views.main_view - INFO - Iniciando proceso de búsqueda...
2025-09-17 15:05:05,333 - views.main_view - INFO - Distrito: No tiene distrito (usando LT)
2025-09-17 15:05:05,334 - views.main_view - INFO - Lotes: 5 a 462
2025-09-17 15:05:05,335 - views.main_view - INFO - Tiempo de espera entre lotes: 1 segundos
2025-09-17 15:05:05,336 - views.main_view - INFO - Secuencia predefinida a ejecutar:
2025-09-17 15:05:05,336 - views.main_view - INFO -   1. img/b1.png (clics: 1, confianza: 0.68)
2025-09-17 15:05:05,337 - views.main_view - INFO -   2. img/b2.png (clics: 1, confianza: 0.68)
2025-09-17 15:05:05,337 - views.main_view - INFO -   3. img/b3.png (clics: 1, confianza: 0.68)
2025-09-17 15:05:05,338 - views.main_view - INFO -   4. img/b4.png (clics: 1, confianza: 0.68)
2025-09-17 15:05:05,339 - views.main_view - INFO -   5. img/b1.png (clics: 1, confianza: 0.68)
2025-09-17 15:05:05,339 - views.main_view - INFO -   6. img/b6.png (clics: 1, confianza: 0.68)
2025-09-17 15:05:05,340 - views.main_view - INFO -   7. img/b7.png (clics: 1, confianza: 0.68)
2025-09-17 15:05:05,341 - views.main_view - INFO -   8. img/b8.png (clics: 1, confianza: 0.68)
2025-09-17 15:05:05,344 - utils.config_manager - INFO - Configuración guardada correctamente
2025-09-17 15:05:05,353 - views.main_view - INFO - Procesando lote 5 de 462
2025-09-17 15:05:05,354 - views.main_view - INFO - Procesando archivo: LT 5.KML
2025-09-17 15:05:05,614 - models.image_search_model - INFO - Intento 0: Mejor coincidencia: 0.51
2025-09-17 15:05:10,902 - views.main_view - INFO - Proceso detenido
2025-09-17 15:05:15,133 - utils.config_manager - INFO - Configuración guardada correctamente
2025-09-17 15:05:15,225 - views.main_view - INFO - Iniciando proceso de búsqueda...
2025-09-17 15:05:15,226 - views.main_view - INFO - Distrito: No tiene distrito (usando LT)
2025-09-17 15:05:15,227 - views.main_view - INFO - Lotes: 1 a 462
2025-09-17 15:05:15,228 - views.main_view - INFO - Tiempo de espera entre lotes: 1 segundos
2025-09-17 15:05:15,228 - views.main_view - INFO - Secuencia predefinida a ejecutar:
2025-09-17 15:05:15,229 - views.main_view - INFO -   1. img/b1.png (clics: 1, confianza: 0.68)
2025-09-17 15:05:15,244 - views.main_view - INFO -   2. img/b2.png (clics: 1, confianza: 0.68)
2025-09-17 15:05:15,247 - views.main_view - INFO -   3. img/b3.png (clics: 1, confianza: 0.68)
2025-09-17 15:05:15,248 - views.main_view - INFO -   4. img/b4.png (clics: 1, confianza: 0.68)
2025-09-17 15:05:15,248 - views.main_view - INFO -   5. img/b1.png (clics: 1, confianza: 0.68)
2025-09-17 15:05:15,249 - views.main_view - INFO -   6. img/b6.png (clics: 1, confianza: 0.68)
2025-09-17 15:05:15,250 - views.main_view - INFO -   7. img/b7.png (clics: 1, confianza: 0.68)
2025-09-17 15:05:15,251 - views.main_view - INFO -   8. img/b8.png (clics: 1, confianza: 0.68)
2025-09-17 15:05:15,253 - utils.config_manager - INFO - Configuración guardada correctamente
2025-09-17 15:05:15,259 - views.main_view - INFO - Procesando lote 1 de 462
2025-09-17 15:05:15,262 - views.main_view - INFO - Procesando archivo: LT 1.KML
2025-09-17 15:05:15,516 - models.image_search_model - INFO - Intento 0: Mejor coincidencia: 0.51
2025-09-17 15:05:15,619 - views.main_view - INFO - Botón 'img/b1.png' no encontrado. Mejor coincidencia: 0.51 (Intento 1)
2025-09-17 15:05:16,871 - views.main_view - INFO - Botón 'img/b1.png' no encontrado. Mejor coincidencia: 0.51 (Intento 2)
2025-09-17 15:05:17,681 - views.main_view - INFO - Proceso detenido
2025-09-17 15:05:18,153 - views.main_view - INFO - Botón 'img/b1.png' no encontrado. Mejor coincidencia: 0.51 (Intento 3)
2025-09-17 15:05:18,155 - controllers.image_search_controller - ERROR - Error inesperado en run_lotes: 'ImageSearchModel' object has no attribute 'max_intentos'
2025-09-17 15:05:18,160 - views.main_view - INFO - Error inesperado: 'ImageSearchModel' object has no attribute 'max_intentos'
2025-09-17 15:05:25,519 - views.main_view - INFO - Botón 'img/b1.png' no encontrado. Mejor coincidencia: 0.51 (Intento 1)
2025-09-17 15:05:25,523 - controllers.image_search_controller - ERROR - Error inesperado en run_lotes: 'ImageSearchModel' object has no attribute 'max_intentos'
2025-09-17 15:05:25,528 - views.main_view - INFO - Error inesperado: 'ImageSearchModel' object has no attribute 'max_intentos'
2025-09-17 15:09:16,588 - __main__ - WARNING - No se pudo cargar el icono de la aplicación
2025-09-17 15:09:16,606 - utils.config_manager - INFO - Configuración cargada correctamente
2025-09-17 15:09:25,538 - views.login_window - INFO - Usuario autenticado correctamente
2025-09-17 15:12:04,964 - __main__ - WARNING - No se pudo cargar el icono de la aplicación
2025-09-17 15:12:04,965 - utils.config_manager - INFO - Configuración cargada correctamente
2025-09-17 15:12:15,785 - views.login_window - INFO - Usuario autenticado correctamente
2025-09-17 15:13:03,160 - utils.config_manager - INFO - Configuración guardada correctamente
2025-09-17 15:24:00,009 - __main__ - WARNING - No se pudo cargar el icono de la aplicación
2025-09-17 15:24:00,041 - utils.config_manager - INFO - Configuración cargada correctamente
2025-09-17 15:24:15,730 - utils.config_manager - INFO - Configuración guardada correctamente
2025-09-17 15:24:24,374 - utils.config_manager - INFO - Configuración guardada correctamente
2025-09-17 15:24:24,375 - utils.config_manager - INFO - Configuración guardada correctamente
2025-09-17 15:34:39,728 - __main__ - WARNING - No se pudo cargar el icono de la aplicación
2025-09-17 15:34:39,749 - utils.config_manager - INFO - Configuración cargada correctamente
2025-09-17 15:34:50,430 - views.login_window - INFO - Usuario autenticado correctamente
2025-09-17 15:34:55,996 - utils.config_manager - INFO - Configuración guardada correctamente
2025-09-17 15:34:55,997 - views.main_view - INFO - Opción 'No tiene distrito' cambiada a: False
2025-09-17 15:34:56,603 - utils.config_manager - INFO - Configuración guardada correctamente
2025-09-17 15:34:56,605 - views.main_view - INFO - Opción 'No tiene distrito' cambiada a: True
2025-09-17 15:35:01,124 - utils.config_manager - INFO - Configuración guardada correctamente
2025-09-17 15:35:01,125 - views.main_view - INFO - Opción 'No tiene distrito' cambiada a: False
2025-09-17 15:35:02,109 - utils.config_manager - INFO - Configuración guardada correctamente
2025-09-17 15:35:02,110 - views.main_view - INFO - Opción 'No tiene distrito' cambiada a: True
2025-09-17 15:35:05,455 - views.main_view - INFO - Iniciando proceso de búsqueda...
2025-09-17 15:35:05,455 - views.main_view - INFO - Distrito: No tiene distrito (usando LT)
2025-09-17 15:35:05,456 - views.main_view - INFO - Lotes: 1 a 462
2025-09-17 15:35:05,456 - views.main_view - INFO - Tiempo de espera entre lotes: 1 segundos
2025-09-17 15:35:05,456 - views.main_view - INFO - Secuencia predefinida a ejecutar:
2025-09-17 15:35:05,457 - views.main_view - INFO -   1. img/b1.png (clics: 1, confianza: 0.68)
2025-09-17 15:35:05,457 - views.main_view - INFO -   2. img/b2.png (clics: 1, confianza: 0.68)
2025-09-17 15:35:05,458 - views.main_view - INFO -   3. img/b3.png (clics: 1, confianza: 0.68)
2025-09-17 15:35:05,458 - views.main_view - INFO -   4. img/b4.png (clics: 1, confianza: 0.68)
2025-09-17 15:35:05,459 - views.main_view - INFO -   5. img/b1.png (clics: 1, confianza: 0.68)
2025-09-17 15:35:05,459 - views.main_view - INFO -   6. img/b6.png (clics: 1, confianza: 0.68)
2025-09-17 15:35:05,459 - views.main_view - INFO -   7. img/b7.png (clics: 1, confianza: 0.68)
2025-09-17 15:35:05,459 - views.main_view - INFO -   8. img/b8.png (clics: 1, confianza: 0.68)
2025-09-17 15:35:05,465 - views.main_view - INFO - Procesando archivo: LT 1.KML
2025-09-17 15:35:05,728 - models.image_search_model - INFO - Intento 0: Mejor coincidencia: 0.51
2025-09-17 15:35:15,732 - views.main_view - INFO - Botón 'img/b1.png' no encontrado. Mejor coincidencia: 0.51 (Intento 1)
2025-09-17 15:35:16,991 - views.main_view - INFO - Botón 'img/b1.png' no encontrado. Mejor coincidencia: 0.51 (Intento 2)
2025-09-17 15:35:18,251 - views.main_view - INFO - Botón 'img/b1.png' no encontrado. Mejor coincidencia: 0.51 (Intento 3)
2025-09-17 15:35:19,512 - views.main_view - INFO - Botón 'img/b1.png' no encontrado. Mejor coincidencia: 0.51 (Intento 4)
2025-09-17 15:35:20,791 - views.main_view - INFO - Botón 'img/b1.png' no encontrado. Mejor coincidencia: 0.51 (Intento 5)
2025-09-17 15:35:22,042 - views.main_view - INFO - Botón 'img/b1.png' no encontrado. Mejor coincidencia: 0.51 (Intento 6)
2025-09-17 15:35:23,305 - views.main_view - INFO - Botón 'img/b1.png' no encontrado. Mejor coincidencia: 0.51 (Intento 7)
2025-09-17 15:35:24,588 - views.main_view - INFO - Botón 'img/b1.png' no encontrado. Mejor coincidencia: 0.51 (Intento 8)
2025-09-17 15:35:25,862 - views.main_view - INFO - Botón 'img/b1.png' no encontrado. Mejor coincidencia: 0.51 (Intento 9)
2025-09-17 15:35:27,137 - views.main_view - INFO - Botón 'img/b1.png' no encontrado. Mejor coincidencia: 0.51 (Intento 10)
2025-09-17 15:35:27,396 - models.image_search_model - INFO - Intento 10: Mejor coincidencia: 0.51
2025-09-17 15:35:37,401 - views.main_view - INFO - Botón 'img/b1.png' no encontrado. Mejor coincidencia: 0.51 (Intento 11)
2025-09-17 15:35:38,656 - views.main_view - INFO - Botón 'img/b1.png' no encontrado. Mejor coincidencia: 0.51 (Intento 12)
2025-09-17 15:35:39,933 - views.main_view - INFO - Botón 'img/b1.png' no encontrado. Mejor coincidencia: 0.51 (Intento 13)
2025-09-17 15:35:41,201 - views.main_view - INFO - Botón 'img/b1.png' no encontrado. Mejor coincidencia: 0.51 (Intento 14)
2025-09-17 15:35:42,473 - views.main_view - INFO - Botón 'img/b1.png' no encontrado. Mejor coincidencia: 0.51 (Intento 15)
2025-09-17 15:35:42,705 - views.main_view - INFO - Proceso detenido
2025-09-17 15:35:43,741 - views.main_view - INFO - Botón 'img/b1.png' no encontrado. Mejor coincidencia: 0.51 (Intento 16)
2025-09-17 15:35:43,743 - controllers.image_search_controller - ERROR - Error inesperado en run_lotes: 'ImageSearchModel' object has no attribute 'max_intentos'
2025-09-17 15:35:43,747 - views.main_view - INFO - Error inesperado: 'ImageSearchModel' object has no attribute 'max_intentos'
2025-09-17 15:37:37,729 - __main__ - WARNING - No se pudo cargar el icono de la aplicación
2025-09-17 15:37:37,733 - utils.config_manager - INFO - Configuración cargada correctamente
2025-09-17 15:37:48,070 - views.login_window - INFO - Usuario autenticado correctamente
2025-09-17 15:37:51,332 - views.main_view - INFO - Iniciando proceso de búsqueda...
2025-09-17 15:37:51,333 - views.main_view - INFO - Distrito: No tiene distrito (usando LT)
2025-09-17 15:37:51,333 - views.main_view - INFO - Lotes: 1 a 462
2025-09-17 15:37:51,333 - views.main_view - INFO - Tiempo de espera entre lotes: 1 segundos
2025-09-17 15:37:51,334 - views.main_view - INFO - Secuencia predefinida a ejecutar:
2025-09-17 15:37:51,334 - views.main_view - INFO -   1. img/b1.png (clics: 1, confianza: 0.68)
2025-09-17 15:37:51,334 - views.main_view - INFO -   2. img/b2.png (clics: 1, confianza: 0.68)
2025-09-17 15:37:51,335 - views.main_view - INFO -   3. img/b3.png (clics: 1, confianza: 0.68)
2025-09-17 15:37:51,335 - views.main_view - INFO -   4. img/b4.png (clics: 1, confianza: 0.68)
2025-09-17 15:37:51,335 - views.main_view - INFO -   5. img/b1.png (clics: 1, confianza: 0.68)
2025-09-17 15:37:51,335 - views.main_view - INFO -   6. img/b6.png (clics: 1, confianza: 0.68)
2025-09-17 15:37:51,336 - views.main_view - INFO -   7. img/b7.png (clics: 1, confianza: 0.68)
2025-09-17 15:37:51,336 - views.main_view - INFO -   8. img/b8.png (clics: 1, confianza: 0.68)
2025-09-17 15:37:51,337 - views.main_view - INFO - Procesando archivo: LT 1.KML
2025-09-17 15:37:52,606 - views.main_view - INFO - Botón 'img/b1.png' no encontrado. Mejor coincidencia: 0.51 (Intento 2)
2025-09-17 15:37:53,875 - views.main_view - INFO - Botón 'img/b1.png' no encontrado. Mejor coincidencia: 0.51 (Intento 3)
2025-09-17 15:37:55,135 - views.main_view - INFO - Botón 'img/b1.png' no encontrado. Mejor coincidencia: 0.51 (Intento 4)
2025-09-17 15:37:56,409 - views.main_view - INFO - Botón 'img/b1.png' no encontrado. Mejor coincidencia: 0.51 (Intento 5)
2025-09-17 15:37:57,673 - views.main_view - INFO - Botón 'img/b1.png' no encontrado. Mejor coincidencia: 0.51 (Intento 6)
2025-09-17 15:37:58,924 - views.main_view - INFO - Botón 'img/b1.png' no encontrado. Mejor coincidencia: 0.51 (Intento 7)
2025-09-17 15:38:00,185 - views.main_view - INFO - Botón 'img/b1.png' no encontrado. Mejor coincidencia: 0.51 (Intento 8)
2025-09-17 15:38:01,442 - views.main_view - INFO - Botón 'img/b1.png' no encontrado. Mejor coincidencia: 0.51 (Intento 9)
2025-09-17 15:38:02,697 - views.main_view - INFO - Botón 'img/b1.png' no encontrado. Mejor coincidencia: 0.51 (Intento 10)
2025-09-17 15:38:02,950 - models.image_search_model - INFO - Intento 10: Mejor coincidencia: 0.51
2025-09-17 15:38:12,954 - views.main_view - INFO - Botón 'img/b1.png' no encontrado. Mejor coincidencia: 0.51 (Intento 11)
2025-09-17 15:38:14,214 - views.main_view - INFO - Botón 'img/b1.png' no encontrado. Mejor coincidencia: 0.51 (Intento 12)
2025-09-17 15:38:15,478 - views.main_view - INFO - Botón 'img/b1.png' no encontrado. Mejor coincidencia: 0.51 (Intento 13)
2025-09-17 15:38:16,738 - views.main_view - INFO - Botón 'img/b1.png' no encontrado. Mejor coincidencia: 0.51 (Intento 14)
2025-09-17 15:38:18,000 - views.main_view - INFO - Botón 'img/b1.png' no encontrado. Mejor coincidencia: 0.51 (Intento 15)
2025-09-17 15:38:19,281 - views.main_view - INFO - Botón 'img/b1.png' no encontrado. Mejor coincidencia: 0.51 (Intento 16)
2025-09-17 15:38:20,540 - views.main_view - INFO - Botón 'img/b1.png' no encontrado. Mejor coincidencia: 0.51 (Intento 17)
2025-09-17 15:38:21,803 - views.main_view - INFO - Botón 'img/b1.png' no encontrado. Mejor coincidencia: 0.51 (Intento 18)
2025-09-17 15:38:22,098 - views.main_view - INFO - Proceso detenido
2025-09-17 15:38:23,065 - views.main_view - INFO - Botón 'img/b1.png' no encontrado. Mejor coincidencia: 0.51 (Intento 19)
2025-09-17 15:38:23,067 - controllers.image_search_controller - ERROR - Error inesperado en run_lotes: 'ImageSearchModel' object has no attribute 'max_intentos'
2025-09-17 15:38:23,071 - views.main_view - INFO - Error inesperado: 'ImageSearchModel' object has no attribute 'max_intentos'
2025-09-17 15:39:37,417 - __main__ - WARNING - No se pudo cargar el icono de la aplicación
2025-09-17 15:39:37,417 - utils.config_manager - INFO - Configuración cargada correctamente
2025-09-17 15:39:46,782 - views.login_window - INFO - Usuario autenticado correctamente
2025-09-17 15:39:49,304 - views.main_view - INFO - Iniciando proceso de búsqueda...
2025-09-17 15:39:49,305 - views.main_view - INFO - Distrito: No tiene distrito (usando LT)
2025-09-17 15:39:49,305 - views.main_view - INFO - Lotes: 1 a 462
2025-09-17 15:39:49,305 - views.main_view - INFO - Tiempo de espera entre lotes: 1 segundos
2025-09-17 15:39:49,305 - views.main_view - INFO - Secuencia predefinida a ejecutar:
2025-09-17 15:39:49,306 - views.main_view - INFO -   1. img/b1.png (clics: 1, confianza: 0.68)
2025-09-17 15:39:49,306 - views.main_view - INFO -   2. img/b2.png (clics: 1, confianza: 0.68)
2025-09-17 15:39:49,306 - views.main_view - INFO -   3. img/b3.png (clics: 1, confianza: 0.68)
2025-09-17 15:39:49,306 - views.main_view - INFO -   4. img/b4.png (clics: 1, confianza: 0.68)
2025-09-17 15:39:49,307 - views.main_view - INFO -   5. img/b1.png (clics: 1, confianza: 0.68)
2025-09-17 15:39:49,307 - views.main_view - INFO -   6. img/b6.png (clics: 1, confianza: 0.68)
2025-09-17 15:39:49,307 - views.main_view - INFO -   7. img/b7.png (clics: 1, confianza: 0.68)
2025-09-17 15:39:49,308 - views.main_view - INFO -   8. img/b8.png (clics: 1, confianza: 0.68)
2025-09-17 15:39:49,308 - views.main_view - INFO - Procesando archivo: LT 1.KML
2025-09-17 15:39:50,558 - views.main_view - INFO - Botón 'img/b1.png' no encontrado. Mejor coincidencia: 0.51 (Intento 2)
2025-09-17 15:39:51,791 - views.main_view - INFO - Botón 'img/b1.png' no encontrado. Mejor coincidencia: 0.51 (Intento 3)
2025-09-17 15:39:51,873 - views.main_view - INFO - Proceso detenido
2025-09-17 15:39:53,036 - views.main_view - INFO - Botón 'img/b1.png' no encontrado. Mejor coincidencia: 0.51 (Intento 4)
2025-09-17 15:39:53,041 - views.main_view - INFO - Error: No se pudo encontrar el botón 'img/b1.png' después de 1 intentos
2025-09-17 15:39:53,044 - views.main_view - INFO - Secuencia interrumpida para lote 1 de 462
2025-09-17 15:39:53,049 - views.main_view - INFO - Proceso completado
2025-09-17 15:39:57,956 - views.main_view - INFO - Iniciando proceso de búsqueda...
2025-09-17 15:39:57,957 - views.main_view - INFO - Distrito: No tiene distrito (usando LT)
2025-09-17 15:39:57,958 - views.main_view - INFO - Lotes: 1 a 462
2025-09-17 15:39:57,959 - views.main_view - INFO - Tiempo de espera entre lotes: 1 segundos
2025-09-17 15:39:57,960 - views.main_view - INFO - Secuencia predefinida a ejecutar:
2025-09-17 15:39:57,961 - views.main_view - INFO -   1. img/b1.png (clics: 1, confianza: 0.68)
2025-09-17 15:39:57,962 - views.main_view - INFO -   2. img/b2.png (clics: 1, confianza: 0.68)
2025-09-17 15:39:57,963 - views.main_view - INFO -   3. img/b3.png (clics: 1, confianza: 0.68)
2025-09-17 15:39:57,963 - views.main_view - INFO -   4. img/b4.png (clics: 1, confianza: 0.68)
2025-09-17 15:39:57,964 - views.main_view - INFO -   5. img/b1.png (clics: 1, confianza: 0.68)
2025-09-17 15:39:57,964 - views.main_view - INFO -   6. img/b6.png (clics: 1, confianza: 0.68)
2025-09-17 15:39:57,965 - views.main_view - INFO -   7. img/b7.png (clics: 1, confianza: 0.68)
2025-09-17 15:39:57,965 - views.main_view - INFO -   8. img/b8.png (clics: 1, confianza: 0.68)
2025-09-17 15:39:57,967 - views.main_view - INFO - Procesando archivo: LT 1.KML
2025-09-17 15:39:59,202 - views.main_view - INFO - Botón 'img/b1.png' no encontrado. Mejor coincidencia: 0.51 (Intento 2)
2025-09-17 15:40:00,436 - views.main_view - INFO - Botón 'img/b1.png' no encontrado. Mejor coincidencia: 0.51 (Intento 3)
2025-09-17 15:40:01,665 - views.main_view - INFO - Botón 'img/b1.png' no encontrado. Mejor coincidencia: 0.51 (Intento 4)
2025-09-17 15:40:02,912 - views.main_view - INFO - Botón 'img/b1.png' no encontrado. Mejor coincidencia: 0.51 (Intento 5)
2025-09-17 15:40:04,162 - views.main_view - INFO - Botón 'img/b1.png' no encontrado. Mejor coincidencia: 0.51 (Intento 6)
2025-09-17 15:40:05,415 - views.main_view - INFO - Botón 'img/b1.png' no encontrado. Mejor coincidencia: 0.51 (Intento 7)
2025-09-17 15:40:06,651 - views.main_view - INFO - Botón 'img/b1.png' no encontrado. Mejor coincidencia: 0.51 (Intento 8)
2025-09-17 15:40:07,898 - views.main_view - INFO - Botón 'img/b1.png' no encontrado. Mejor coincidencia: 0.51 (Intento 9)
2025-09-17 15:40:09,138 - views.main_view - INFO - Botón 'img/b1.png' no encontrado. Mejor coincidencia: 0.51 (Intento 10)
2025-09-17 15:40:09,242 - views.main_view - INFO - Proceso detenido
2025-09-17 15:40:09,376 - models.image_search_model - INFO - Intento 10: Mejor coincidencia: 0.51
2025-09-17 15:40:19,379 - views.main_view - INFO - Botón 'img/b1.png' no encontrado. Mejor coincidencia: 0.51 (Intento 11)
2025-09-17 15:40:19,385 - views.main_view - INFO - Error: No se pudo encontrar el botón 'img/b1.png' después de 1 intentos
2025-09-17 15:40:19,387 - views.main_view - INFO - Secuencia interrumpida para lote 1 de 462
2025-09-17 15:40:19,392 - views.main_view - INFO - Proceso completado
2025-09-17 15:40:40,722 - views.main_view - INFO - Iniciando proceso de búsqueda...
2025-09-17 15:40:40,723 - views.main_view - INFO - Distrito: No tiene distrito (usando LT)
2025-09-17 15:40:40,724 - views.main_view - INFO - Lotes: 1 a 462
2025-09-17 15:40:40,726 - views.main_view - INFO - Tiempo de espera entre lotes: 1 segundos
2025-09-17 15:40:40,727 - views.main_view - INFO - Secuencia predefinida a ejecutar:
2025-09-17 15:40:40,728 - views.main_view - INFO -   1. img/b1.png (clics: 1, confianza: 0.68)
2025-09-17 15:40:40,729 - views.main_view - INFO -   2. img/b2.png (clics: 1, confianza: 0.68)
2025-09-17 15:40:40,729 - views.main_view - INFO -   3. img/b3.png (clics: 1, confianza: 0.68)
2025-09-17 15:40:40,730 - views.main_view - INFO -   4. img/b4.png (clics: 1, confianza: 0.68)
2025-09-17 15:40:40,731 - views.main_view - INFO -   5. img/b1.png (clics: 1, confianza: 0.68)
2025-09-17 15:40:40,731 - views.main_view - INFO -   6. img/b6.png (clics: 1, confianza: 0.68)
2025-09-17 15:40:40,732 - views.main_view - INFO -   7. img/b7.png (clics: 1, confianza: 0.68)
2025-09-17 15:40:40,733 - views.main_view - INFO -   8. img/b8.png (clics: 1, confianza: 0.68)
2025-09-17 15:40:40,736 - views.main_view - INFO - Procesando archivo: LT 1.KML
2025-09-17 15:40:41,988 - views.main_view - INFO - Botón 'img/b1.png' no encontrado. Mejor coincidencia: 0.51 (Intento 2)
2025-09-17 15:40:43,223 - views.main_view - INFO - Botón 'img/b1.png' no encontrado. Mejor coincidencia: 0.51 (Intento 3)
2025-09-17 15:40:43,988 - views.main_view - INFO - Búsqueda pausada (Presione ESC para reanudar)
2025-09-17 15:40:44,460 - views.main_view - INFO - Botón 'img/b1.png' no encontrado. Mejor coincidencia: 0.51 (Intento 4)
2025-09-17 15:41:00,915 - views.main_view - INFO - Proceso detenido
2025-09-17 15:41:00,918 - views.main_view - INFO - Error: No se pudo encontrar el botón 'img/b1.png' después de 1 intentos
2025-09-17 15:41:00,926 - views.main_view - INFO - Secuencia interrumpida para lote 1 de 462
2025-09-17 15:41:00,929 - views.main_view - INFO - Proceso completado
2025-09-17 15:41:04,084 - views.main_view - INFO - Proceso detenido
2025-09-17 15:46:13,745 - __main__ - WARNING - No se pudo cargar el icono de la aplicación
2025-09-17 15:46:13,746 - utils.config_manager - INFO - Configuración cargada correctamente
2025-09-17 15:46:30,745 - views.login_window - INFO - Usuario autenticado correctamente
2025-09-17 15:46:35,403 - views.main_view - INFO - Iniciando proceso de búsqueda...
2025-09-17 15:46:35,404 - views.main_view - INFO - Distrito: No tiene distrito (usando LT)
2025-09-17 15:46:35,404 - views.main_view - INFO - Lotes: 1 a 462
2025-09-17 15:46:35,404 - views.main_view - INFO - Tiempo de espera entre lotes: 1 segundos
2025-09-17 15:46:35,404 - views.main_view - INFO - Secuencia predefinida a ejecutar:
2025-09-17 15:46:35,405 - views.main_view - INFO -   1. img/b1.png (clics: 1, confianza: 0.68)
2025-09-17 15:46:35,405 - views.main_view - INFO -   2. img/b2.png (clics: 1, confianza: 0.68)
2025-09-17 15:46:35,406 - views.main_view - INFO -   3. img/b3.png (clics: 1, confianza: 0.68)
2025-09-17 15:46:35,406 - views.main_view - INFO -   4. img/b4.png (clics: 1, confianza: 0.68)
2025-09-17 15:46:35,406 - views.main_view - INFO -   5. img/b1.png (clics: 1, confianza: 0.68)
2025-09-17 15:46:35,407 - views.main_view - INFO -   6. img/b6.png (clics: 1, confianza: 0.68)
2025-09-17 15:46:35,407 - views.main_view - INFO -   7. img/b7.png (clics: 1, confianza: 0.68)
2025-09-17 15:46:35,407 - views.main_view - INFO -   8. img/b8.png (clics: 1, confianza: 0.68)
2025-09-17 15:46:35,408 - views.main_view - INFO - Procesando archivo: LT 1.KML
2025-09-17 15:46:36,674 - views.main_view - INFO - Botón 'img/b1.png' no encontrado. Mejor coincidencia: 0.44 (Intento 2)
2025-09-17 15:46:37,932 - views.main_view - INFO - Botón 'img/b1.png' no encontrado. Mejor coincidencia: 0.49 (Intento 3)
2025-09-17 15:46:39,231 - views.main_view - INFO - Botón 'img/b1.png' no encontrado. Mejor coincidencia: 0.49 (Intento 4)
2025-09-17 15:46:40,489 - views.main_view - INFO - Botón 'img/b1.png' no encontrado. Mejor coincidencia: 0.49 (Intento 5)
2025-09-17 15:46:41,750 - views.main_view - INFO - Botón 'img/b1.png' no encontrado. Mejor coincidencia: 0.49 (Intento 6)
2025-09-17 15:46:43,020 - views.main_view - INFO - Botón 'img/b1.png' no encontrado. Mejor coincidencia: 0.49 (Intento 7)
2025-09-17 15:46:44,280 - views.main_view - INFO - Botón 'img/b1.png' no encontrado. Mejor coincidencia: 0.49 (Intento 8)
2025-09-17 15:46:45,529 - views.main_view - INFO - Botón 'img/b1.png' no encontrado. Mejor coincidencia: 0.49 (Intento 9)
2025-09-17 15:46:46,779 - views.main_view - INFO - Botón 'img/b1.png' no encontrado. Mejor coincidencia: 0.49 (Intento 10)
2025-09-17 15:46:47,030 - models.image_search_model - INFO - Intento 10: Mejor coincidencia: 0.49
2025-09-17 15:46:57,033 - views.main_view - INFO - Botón 'img/b1.png' no encontrado. Mejor coincidencia: 0.49 (Intento 11)
2025-09-17 15:46:58,325 - views.main_view - INFO - Botón 'img/b1.png' no encontrado. Mejor coincidencia: 0.49 (Intento 12)
2025-09-17 15:46:59,590 - views.main_view - INFO - Botón 'img/b1.png' no encontrado. Mejor coincidencia: 0.49 (Intento 13)
2025-09-17 15:47:00,846 - views.main_view - INFO - Botón 'img/b1.png' no encontrado. Mejor coincidencia: 0.49 (Intento 14)
2025-09-17 15:47:02,381 - views.main_view - INFO - Botón 'img/b1.png' no encontrado. Mejor coincidencia: 0.49 (Intento 15)
2025-09-17 15:47:03,677 - views.main_view - INFO - Botón 'img/b1.png' no encontrado. Mejor coincidencia: 0.49 (Intento 16)
2025-09-17 15:47:04,985 - views.main_view - INFO - Botón 'img/b1.png' no encontrado. Mejor coincidencia: 0.49 (Intento 17)
2025-09-17 15:47:06,320 - views.main_view - INFO - Botón 'img/b1.png' no encontrado. Mejor coincidencia: 0.49 (Intento 18)
2025-09-17 15:47:07,608 - views.main_view - INFO - Botón 'img/b1.png' no encontrado. Mejor coincidencia: 0.49 (Intento 19)
2025-09-17 15:47:09,129 - views.main_view - INFO - Botón 'img/b1.png' no encontrado. Mejor coincidencia: 0.49 (Intento 20)
2025-09-17 15:47:09,472 - models.image_search_model - INFO - Intento 20: Mejor coincidencia: 0.49
2025-09-17 15:47:19,477 - views.main_view - INFO - Botón 'img/b1.png' no encontrado. Mejor coincidencia: 0.49 (Intento 21)
2025-09-17 15:47:20,729 - views.main_view - INFO - Botón 'img/b1.png' no encontrado. Mejor coincidencia: 0.50 (Intento 22)
2025-09-17 15:47:22,122 - views.main_view - INFO - Botón 'img/b1.png' no encontrado. Mejor coincidencia: 0.50 (Intento 23)
2025-09-17 15:47:23,365 - views.main_view - INFO - Botón 'img/b1.png' no encontrado. Mejor coincidencia: 0.50 (Intento 24)
2025-09-17 15:47:24,641 - views.main_view - INFO - Botón 'img/b1.png' no encontrado. Mejor coincidencia: 0.50 (Intento 25)
2025-09-17 15:47:26,044 - views.main_view - INFO - Botón 'img/b1.png' no encontrado. Mejor coincidencia: 0.50 (Intento 26)
2025-09-17 15:47:27,541 - views.main_view - INFO - Botón 'img/b1.png' no encontrado. Mejor coincidencia: 0.50 (Intento 27)
2025-09-17 15:47:28,932 - views.main_view - INFO - Botón 'img/b1.png' no encontrado. Mejor coincidencia: 0.50 (Intento 28)
2025-09-17 15:47:30,413 - views.main_view - INFO - Botón 'img/b1.png' no encontrado. Mejor coincidencia: 0.50 (Intento 29)
2025-09-17 15:47:31,879 - views.main_view - INFO - Botón 'img/b1.png' no encontrado. Mejor coincidencia: 0.50 (Intento 30)
2025-09-17 15:47:32,333 - models.image_search_model - INFO - Intento 30: Mejor coincidencia: 0.50
2025-09-17 15:47:42,344 - views.main_view - INFO - Botón 'img/b1.png' no encontrado. Mejor coincidencia: 0.50 (Intento 31)
2025-09-17 15:47:43,811 - views.main_view - INFO - Botón 'img/b1.png' no encontrado. Mejor coincidencia: 0.58 (Intento 32)
2025-09-17 15:47:45,080 - views.main_view - INFO - Botón 'img/b1.png' no encontrado. Mejor coincidencia: 0.53 (Intento 33)
2025-09-17 15:47:46,564 - views.main_view - INFO - Botón 'img/b1.png' no encontrado. Mejor coincidencia: 0.64 (Intento 34)
2025-09-17 15:47:49,763 - views.main_view - INFO - Botón 'img/b1.png' encontrado en (753, 369) - Confianza: 0.71
2025-09-17 15:47:54,707 - views.main_view - INFO - Botón 'img/b2.png' encontrado en (1579, 271) - Confianza: 0.92
2025-09-17 15:47:58,099 - views.main_view - INFO - Botón 'img/b3.png' no encontrado. Mejor coincidencia: 0.62 (Intento 2)
2025-09-17 15:47:59,460 - views.main_view - INFO - Botón 'img/b3.png' no encontrado. Mejor coincidencia: 0.62 (Intento 3)
2025-09-17 15:48:00,820 - views.main_view - INFO - Botón 'img/b3.png' no encontrado. Mejor coincidencia: 0.62 (Intento 4)
2025-09-17 15:48:02,267 - views.main_view - INFO - Botón 'img/b3.png' no encontrado. Mejor coincidencia: 0.62 (Intento 5)
2025-09-17 15:48:03,781 - views.main_view - INFO - Botón 'img/b3.png' no encontrado. Mejor coincidencia: 0.62 (Intento 6)
2025-09-17 15:48:05,186 - views.main_view - INFO - Botón 'img/b3.png' no encontrado. Mejor coincidencia: 0.62 (Intento 7)
2025-09-17 15:48:06,567 - views.main_view - INFO - Botón 'img/b3.png' no encontrado. Mejor coincidencia: 0.62 (Intento 8)
2025-09-17 15:48:07,909 - views.main_view - INFO - Botón 'img/b3.png' no encontrado. Mejor coincidencia: 0.62 (Intento 9)
2025-09-17 15:48:09,372 - views.main_view - INFO - Botón 'img/b3.png' no encontrado. Mejor coincidencia: 0.62 (Intento 10)
2025-09-17 15:48:09,796 - models.image_search_model - INFO - Intento 10: Mejor coincidencia: 0.62
2025-09-17 15:48:19,801 - views.main_view - INFO - Botón 'img/b3.png' no encontrado. Mejor coincidencia: 0.62 (Intento 11)
2025-09-17 15:48:21,040 - views.main_view - INFO - Botón 'img/b3.png' no encontrado. Mejor coincidencia: 0.59 (Intento 12)
2025-09-17 15:48:22,297 - views.main_view - INFO - Botón 'img/b3.png' no encontrado. Mejor coincidencia: 0.59 (Intento 13)
2025-09-17 15:48:23,529 - views.main_view - INFO - Botón 'img/b3.png' no encontrado. Mejor coincidencia: 0.59 (Intento 14)
2025-09-17 15:48:24,777 - views.main_view - INFO - Botón 'img/b3.png' no encontrado. Mejor coincidencia: 0.59 (Intento 15)
2025-09-17 15:48:26,021 - views.main_view - INFO - Botón 'img/b3.png' no encontrado. Mejor coincidencia: 0.59 (Intento 16)
2025-09-17 15:48:27,252 - views.main_view - INFO - Botón 'img/b3.png' no encontrado. Mejor coincidencia: 0.59 (Intento 17)
2025-09-17 15:48:28,501 - views.main_view - INFO - Botón 'img/b3.png' no encontrado. Mejor coincidencia: 0.59 (Intento 18)
2025-09-17 15:48:29,758 - views.main_view - INFO - Botón 'img/b3.png' no encontrado. Mejor coincidencia: 0.59 (Intento 19)
2025-09-17 15:48:31,023 - views.main_view - INFO - Botón 'img/b3.png' no encontrado. Mejor coincidencia: 0.62 (Intento 20)
2025-09-17 15:48:31,283 - models.image_search_model - INFO - Intento 20: Mejor coincidencia: 0.62
2025-09-17 15:48:41,289 - views.main_view - INFO - Botón 'img/b3.png' no encontrado. Mejor coincidencia: 0.62 (Intento 21)
2025-09-17 15:48:42,652 - views.main_view - INFO - Botón 'img/b3.png' no encontrado. Mejor coincidencia: 0.59 (Intento 22)
2025-09-17 15:48:43,914 - views.main_view - INFO - Botón 'img/b3.png' no encontrado. Mejor coincidencia: 0.59 (Intento 23)
2025-09-17 15:48:45,365 - views.main_view - INFO - Botón 'img/b3.png' no encontrado. Mejor coincidencia: 0.59 (Intento 24)
2025-09-17 15:48:46,760 - views.main_view - INFO - Botón 'img/b3.png' no encontrado. Mejor coincidencia: 0.59 (Intento 25)
2025-09-17 15:48:48,145 - views.main_view - INFO - Botón 'img/b3.png' no encontrado. Mejor coincidencia: 0.51 (Intento 26)
2025-09-17 15:48:49,604 - views.main_view - INFO - Botón 'img/b3.png' no encontrado. Mejor coincidencia: 0.51 (Intento 27)
2025-09-17 15:48:50,898 - views.main_view - INFO - Botón 'img/b3.png' no encontrado. Mejor coincidencia: 0.49 (Intento 28)
2025-09-17 15:48:52,184 - views.main_view - INFO - Botón 'img/b3.png' no encontrado. Mejor coincidencia: 0.51 (Intento 29)
2025-09-17 15:48:53,530 - views.main_view - INFO - Botón 'img/b3.png' no encontrado. Mejor coincidencia: 0.51 (Intento 30)
2025-09-17 15:48:53,859 - models.image_search_model - INFO - Intento 30: Mejor coincidencia: 0.59
2025-09-17 15:49:03,864 - views.main_view - INFO - Botón 'img/b3.png' no encontrado. Mejor coincidencia: 0.59 (Intento 31)
2025-09-17 15:49:05,298 - views.main_view - INFO - Botón 'img/b3.png' no encontrado. Mejor coincidencia: 0.59 (Intento 32)
2025-09-17 15:49:06,682 - views.main_view - INFO - Botón 'img/b3.png' no encontrado. Mejor coincidencia: 0.59 (Intento 33)
2025-09-17 15:49:07,925 - views.main_view - INFO - Botón 'img/b3.png' no encontrado. Mejor coincidencia: 0.60 (Intento 34)
2025-09-17 15:49:09,287 - views.main_view - INFO - Botón 'img/b3.png' no encontrado. Mejor coincidencia: 0.60 (Intento 35)
2025-09-17 15:49:10,674 - views.main_view - INFO - Botón 'img/b3.png' no encontrado. Mejor coincidencia: 0.59 (Intento 36)
2025-09-17 15:49:12,014 - views.main_view - INFO - Botón 'img/b3.png' no encontrado. Mejor coincidencia: 0.60 (Intento 37)
2025-09-17 15:49:13,450 - views.main_view - INFO - Botón 'img/b3.png' no encontrado. Mejor coincidencia: 0.59 (Intento 38)
2025-09-17 15:49:14,921 - views.main_view - INFO - Botón 'img/b3.png' no encontrado. Mejor coincidencia: 0.59 (Intento 39)
2025-09-17 15:49:16,159 - views.main_view - INFO - Botón 'img/b3.png' no encontrado. Mejor coincidencia: 0.60 (Intento 40)
2025-09-17 15:49:16,405 - models.image_search_model - INFO - Intento 40: Mejor coincidencia: 0.60
2025-09-17 15:49:26,410 - views.main_view - INFO - Botón 'img/b3.png' no encontrado. Mejor coincidencia: 0.60 (Intento 41)
2025-09-17 15:49:27,651 - views.main_view - INFO - Botón 'img/b3.png' no encontrado. Mejor coincidencia: 0.59 (Intento 42)
2025-09-17 15:49:28,894 - views.main_view - INFO - Botón 'img/b3.png' no encontrado. Mejor coincidencia: 0.59 (Intento 43)
2025-09-17 15:49:30,130 - views.main_view - INFO - Botón 'img/b3.png' no encontrado. Mejor coincidencia: 0.59 (Intento 44)
2025-09-17 15:49:31,510 - views.main_view - INFO - Botón 'img/b3.png' no encontrado. Mejor coincidencia: 0.59 (Intento 45)
2025-09-17 15:49:32,892 - views.main_view - INFO - Botón 'img/b3.png' no encontrado. Mejor coincidencia: 0.59 (Intento 46)
2025-09-17 15:49:34,353 - views.main_view - INFO - Botón 'img/b3.png' no encontrado. Mejor coincidencia: 0.59 (Intento 47)
2025-09-17 15:49:35,768 - views.main_view - INFO - Botón 'img/b3.png' no encontrado. Mejor coincidencia: 0.59 (Intento 48)
2025-09-17 15:49:37,018 - views.main_view - INFO - Botón 'img/b3.png' no encontrado. Mejor coincidencia: 0.61 (Intento 49)
2025-09-17 15:49:38,273 - views.main_view - INFO - Botón 'img/b3.png' no encontrado. Mejor coincidencia: 0.61 (Intento 50)
2025-09-17 15:49:38,525 - models.image_search_model - INFO - Intento 50: Mejor coincidencia: 0.61
2025-09-17 15:49:48,530 - views.main_view - INFO - Botón 'img/b3.png' no encontrado. Mejor coincidencia: 0.61 (Intento 51)
2025-09-17 15:49:49,768 - views.main_view - INFO - Botón 'img/b3.png' no encontrado. Mejor coincidencia: 0.61 (Intento 52)
2025-09-17 15:49:51,010 - views.main_view - INFO - Botón 'img/b3.png' no encontrado. Mejor coincidencia: 0.61 (Intento 53)
2025-09-17 15:49:52,253 - views.main_view - INFO - Botón 'img/b3.png' no encontrado. Mejor coincidencia: 0.61 (Intento 54)
2025-09-17 15:49:53,712 - views.main_view - INFO - Botón 'img/b3.png' no encontrado. Mejor coincidencia: 0.60 (Intento 55)
2025-09-17 15:49:55,160 - views.main_view - INFO - Botón 'img/b3.png' no encontrado. Mejor coincidencia: 0.61 (Intento 56)
2025-09-17 15:49:56,412 - views.main_view - INFO - Botón 'img/b3.png' no encontrado. Mejor coincidencia: 0.62 (Intento 57)
2025-09-17 15:49:57,736 - views.main_view - INFO - Botón 'img/b3.png' no encontrado. Mejor coincidencia: 0.60 (Intento 58)
2025-09-17 15:49:59,173 - views.main_view - INFO - Botón 'img/b3.png' no encontrado. Mejor coincidencia: 0.59 (Intento 59)
2025-09-17 15:50:02,138 - views.main_view - INFO - Botón 'img/b3.png' encontrado en (1434, 529) - Confianza: 0.81
2025-09-17 15:50:05,587 - views.main_view - INFO - Botón 'img/b4.png' no encontrado. Mejor coincidencia: 0.48 (Intento 2)
2025-09-17 15:50:06,859 - views.main_view - INFO - Botón 'img/b4.png' no encontrado. Mejor coincidencia: 0.48 (Intento 3)
2025-09-17 15:50:08,104 - views.main_view - INFO - Botón 'img/b4.png' no encontrado. Mejor coincidencia: 0.48 (Intento 4)
2025-09-17 15:50:09,346 - views.main_view - INFO - Botón 'img/b4.png' no encontrado. Mejor coincidencia: 0.48 (Intento 5)
2025-09-17 15:50:10,608 - views.main_view - INFO - Botón 'img/b4.png' no encontrado. Mejor coincidencia: 0.48 (Intento 6)
2025-09-17 15:50:11,863 - views.main_view - INFO - Botón 'img/b4.png' no encontrado. Mejor coincidencia: 0.48 (Intento 7)
2025-09-17 15:50:13,127 - views.main_view - INFO - Botón 'img/b4.png' no encontrado. Mejor coincidencia: 0.48 (Intento 8)
2025-09-17 15:50:14,369 - views.main_view - INFO - Botón 'img/b4.png' no encontrado. Mejor coincidencia: 0.48 (Intento 9)
2025-09-17 15:50:15,645 - views.main_view - INFO - Botón 'img/b4.png' no encontrado. Mejor coincidencia: 0.48 (Intento 10)
2025-09-17 15:50:15,900 - models.image_search_model - INFO - Intento 10: Mejor coincidencia: 0.48
2025-09-17 15:50:25,904 - views.main_view - INFO - Botón 'img/b4.png' no encontrado. Mejor coincidencia: 0.48 (Intento 11)
2025-09-17 15:50:27,187 - views.main_view - INFO - Botón 'img/b4.png' no encontrado. Mejor coincidencia: 0.44 (Intento 12)
2025-09-17 15:50:28,536 - views.main_view - INFO - Botón 'img/b4.png' no encontrado. Mejor coincidencia: 0.44 (Intento 13)
2025-09-17 15:50:29,779 - views.main_view - INFO - Botón 'img/b4.png' no encontrado. Mejor coincidencia: 0.44 (Intento 14)
2025-09-17 15:50:31,045 - views.main_view - INFO - Botón 'img/b4.png' no encontrado. Mejor coincidencia: 0.44 (Intento 15)
2025-09-17 15:50:32,482 - views.main_view - INFO - Botón 'img/b4.png' no encontrado. Mejor coincidencia: 0.48 (Intento 16)
2025-09-17 15:50:33,878 - views.main_view - INFO - Botón 'img/b4.png' no encontrado. Mejor coincidencia: 0.47 (Intento 17)
2025-09-17 15:50:35,274 - views.main_view - INFO - Botón 'img/b4.png' no encontrado. Mejor coincidencia: 0.48 (Intento 18)
2025-09-17 15:50:36,702 - views.main_view - INFO - Botón 'img/b4.png' no encontrado. Mejor coincidencia: 0.59 (Intento 19)
2025-09-17 15:50:38,100 - views.main_view - INFO - Botón 'img/b4.png' no encontrado. Mejor coincidencia: 0.53 (Intento 20)
2025-09-17 15:50:38,412 - models.image_search_model - INFO - Intento 20: Mejor coincidencia: 0.44
2025-09-17 15:50:48,416 - views.main_view - INFO - Botón 'img/b4.png' no encontrado. Mejor coincidencia: 0.44 (Intento 21)
2025-09-17 15:50:49,662 - views.main_view - INFO - Botón 'img/b4.png' no encontrado. Mejor coincidencia: 0.51 (Intento 22)
2025-09-17 15:50:50,919 - views.main_view - INFO - Botón 'img/b4.png' no encontrado. Mejor coincidencia: 0.51 (Intento 23)
2025-09-17 15:50:52,179 - views.main_view - INFO - Botón 'img/b4.png' no encontrado. Mejor coincidencia: 0.51 (Intento 24)
2025-09-17 15:50:53,611 - views.main_view - INFO - Botón 'img/b4.png' no encontrado. Mejor coincidencia: 0.55 (Intento 25)
2025-09-17 15:50:56,560 - views.main_view - INFO - Botón 'img/b4.png' encontrado en (931, 606) - Confianza: 0.68
2025-09-17 15:51:10,526 - controllers.image_search_controller - INFO - Intento 10: Mejor coincidencia: 0.33
2025-09-17 15:51:10,528 - controllers.image_search_controller - INFO - Esperando 10 segundos...
2025-09-17 15:51:20,728 - controllers.image_search_controller - INFO - Ventana encontrada con confianza: 0.82
2025-09-17 15:51:20,731 - controllers.image_search_controller - INFO - Coordenadas ventana: x=853, y=282
2025-09-17 15:51:20,731 - controllers.image_search_controller - INFO - Coordenadas campo texto: x=1147, y=782
2025-09-17 15:51:20,732 - utils.ahk_manager - INFO - Script de AutoHotkey creado automáticamente
2025-09-17 15:51:23,286 - utils.ahk_manager - INFO - AutoHotkey iniciado correctamente
2025-09-17 15:51:23,288 - utils.ahk_manager - INFO - Comando enviado a AHK: 1147,782,LT 1.KML
2025-09-17 15:51:36,824 - views.main_view - INFO - Botón 'img/b1.png' no encontrado. Mejor coincidencia: 0.50 (Intento 2)
2025-09-17 15:51:38,351 - views.main_view - INFO - Botón 'img/b1.png' no encontrado. Mejor coincidencia: 0.50 (Intento 3)
2025-09-17 15:51:41,602 - views.main_view - INFO - Botón 'img/b1.png' encontrado en (595, 272) - Confianza: 0.91
2025-09-17 15:51:46,537 - views.main_view - INFO - Botón 'img/b6.png' encontrado en (1263, 633) - Confianza: 0.81
2025-09-17 15:51:51,496 - views.main_view - INFO - Botón 'img/b7.png' encontrado en (1214, 242) - Confianza: 0.88
2025-09-17 15:51:54,723 - views.main_view - INFO - Botón 'img/b8.png' no encontrado. Mejor coincidencia: 0.67 (Intento 2)
2025-09-17 15:51:56,009 - views.main_view - INFO - Botón 'img/b8.png' no encontrado. Mejor coincidencia: 0.40 (Intento 3)
2025-09-17 15:51:57,240 - views.main_view - INFO - Botón 'img/b8.png' no encontrado. Mejor coincidencia: 0.67 (Intento 4)
2025-09-17 15:51:58,500 - views.main_view - INFO - Botón 'img/b8.png' no encontrado. Mejor coincidencia: 0.67 (Intento 5)
2025-09-17 15:51:59,733 - views.main_view - INFO - Botón 'img/b8.png' no encontrado. Mejor coincidencia: 0.67 (Intento 6)
2025-09-17 15:52:00,958 - views.main_view - INFO - Botón 'img/b8.png' no encontrado. Mejor coincidencia: 0.67 (Intento 7)
2025-09-17 15:52:02,187 - views.main_view - INFO - Botón 'img/b8.png' no encontrado. Mejor coincidencia: 0.67 (Intento 8)
2025-09-17 15:52:03,423 - views.main_view - INFO - Botón 'img/b8.png' no encontrado. Mejor coincidencia: 0.67 (Intento 9)
2025-09-17 15:52:04,660 - views.main_view - INFO - Botón 'img/b8.png' no encontrado. Mejor coincidencia: 0.67 (Intento 10)
2025-09-17 15:52:04,888 - models.image_search_model - INFO - Intento 10: Mejor coincidencia: 0.67
2025-09-17 15:52:14,891 - views.main_view - INFO - Botón 'img/b8.png' no encontrado. Mejor coincidencia: 0.67 (Intento 11)
2025-09-17 15:52:16,121 - views.main_view - INFO - Botón 'img/b8.png' no encontrado. Mejor coincidencia: 0.43 (Intento 12)
2025-09-17 15:52:17,384 - views.main_view - INFO - Botón 'img/b8.png' no encontrado. Mejor coincidencia: 0.43 (Intento 13)
2025-09-17 15:52:18,611 - views.main_view - INFO - Botón 'img/b8.png' no encontrado. Mejor coincidencia: 0.43 (Intento 14)
2025-09-17 15:52:19,840 - views.main_view - INFO - Botón 'img/b8.png' no encontrado. Mejor coincidencia: 0.43 (Intento 15)
2025-09-17 15:52:21,071 - views.main_view - INFO - Botón 'img/b8.png' no encontrado. Mejor coincidencia: 0.43 (Intento 16)
2025-09-17 15:52:22,292 - views.main_view - INFO - Botón 'img/b8.png' no encontrado. Mejor coincidencia: 0.43 (Intento 17)
2025-09-17 15:52:23,527 - views.main_view - INFO - Botón 'img/b8.png' no encontrado. Mejor coincidencia: 0.43 (Intento 18)
2025-09-17 15:52:24,767 - views.main_view - INFO - Botón 'img/b8.png' no encontrado. Mejor coincidencia: 0.43 (Intento 19)
2025-09-17 15:52:26,088 - views.main_view - INFO - Botón 'img/b8.png' no encontrado. Mejor coincidencia: 0.43 (Intento 20)
2025-09-17 15:52:26,334 - models.image_search_model - INFO - Intento 20: Mejor coincidencia: 0.43
2025-09-17 15:52:36,339 - views.main_view - INFO - Botón 'img/b8.png' no encontrado. Mejor coincidencia: 0.43 (Intento 21)
2025-09-17 15:52:37,572 - views.main_view - INFO - Botón 'img/b8.png' no encontrado. Mejor coincidencia: 0.43 (Intento 22)
2025-09-17 15:52:38,815 - views.main_view - INFO - Botón 'img/b8.png' no encontrado. Mejor coincidencia: 0.43 (Intento 23)
2025-09-17 15:52:40,043 - views.main_view - INFO - Botón 'img/b8.png' no encontrado. Mejor coincidencia: 0.43 (Intento 24)
2025-09-17 15:52:41,278 - views.main_view - INFO - Botón 'img/b8.png' no encontrado. Mejor coincidencia: 0.43 (Intento 25)
2025-09-17 15:52:42,517 - views.main_view - INFO - Botón 'img/b8.png' no encontrado. Mejor coincidencia: 0.43 (Intento 26)
2025-09-17 15:52:43,747 - views.main_view - INFO - Botón 'img/b8.png' no encontrado. Mejor coincidencia: 0.43 (Intento 27)
2025-09-17 15:52:44,974 - views.main_view - INFO - Botón 'img/b8.png' no encontrado. Mejor coincidencia: 0.43 (Intento 28)
2025-09-17 15:52:46,207 - views.main_view - INFO - Botón 'img/b8.png' no encontrado. Mejor coincidencia: 0.43 (Intento 29)
2025-09-17 15:52:47,445 - views.main_view - INFO - Botón 'img/b8.png' no encontrado. Mejor coincidencia: 0.43 (Intento 30)
2025-09-17 15:52:47,687 - models.image_search_model - INFO - Intento 30: Mejor coincidencia: 0.43
2025-09-17 15:52:57,692 - views.main_view - INFO - Botón 'img/b8.png' no encontrado. Mejor coincidencia: 0.43 (Intento 31)
2025-09-17 15:52:58,911 - views.main_view - INFO - Botón 'img/b8.png' no encontrado. Mejor coincidencia: 0.43 (Intento 32)
2025-09-17 15:53:00,158 - views.main_view - INFO - Botón 'img/b8.png' no encontrado. Mejor coincidencia: 0.43 (Intento 33)
2025-09-17 15:53:01,416 - views.main_view - INFO - Botón 'img/b8.png' no encontrado. Mejor coincidencia: 0.43 (Intento 34)
2025-09-17 15:53:02,685 - views.main_view - INFO - Botón 'img/b8.png' no encontrado. Mejor coincidencia: 0.43 (Intento 35)
2025-09-17 15:53:03,938 - views.main_view - INFO - Botón 'img/b8.png' no encontrado. Mejor coincidencia: 0.43 (Intento 36)
2025-09-17 15:53:05,173 - views.main_view - INFO - Botón 'img/b8.png' no encontrado. Mejor coincidencia: 0.43 (Intento 37)
2025-09-17 15:53:06,418 - views.main_view - INFO - Botón 'img/b8.png' no encontrado. Mejor coincidencia: 0.43 (Intento 38)
2025-09-17 15:53:07,653 - views.main_view - INFO - Botón 'img/b8.png' no encontrado. Mejor coincidencia: 0.43 (Intento 39)
2025-09-17 15:53:08,911 - views.main_view - INFO - Botón 'img/b8.png' no encontrado. Mejor coincidencia: 0.43 (Intento 40)
2025-09-17 15:53:09,153 - models.image_search_model - INFO - Intento 40: Mejor coincidencia: 0.43
2025-09-17 15:53:19,157 - views.main_view - INFO - Botón 'img/b8.png' no encontrado. Mejor coincidencia: 0.43 (Intento 41)
2025-09-17 15:53:20,379 - views.main_view - INFO - Botón 'img/b8.png' no encontrado. Mejor coincidencia: 0.45 (Intento 42)
2025-09-17 15:53:21,624 - views.main_view - INFO - Botón 'img/b8.png' no encontrado. Mejor coincidencia: 0.45 (Intento 43)
2025-09-17 15:53:22,853 - views.main_view - INFO - Botón 'img/b8.png' no encontrado. Mejor coincidencia: 0.45 (Intento 44)
2025-09-17 15:53:24,091 - views.main_view - INFO - Botón 'img/b8.png' no encontrado. Mejor coincidencia: 0.45 (Intento 45)
2025-09-17 15:53:25,357 - views.main_view - INFO - Botón 'img/b8.png' no encontrado. Mejor coincidencia: 0.45 (Intento 46)
2025-09-17 15:53:26,725 - views.main_view - INFO - Botón 'img/b8.png' no encontrado. Mejor coincidencia: 0.44 (Intento 47)
2025-09-17 15:53:28,164 - views.main_view - INFO - Botón 'img/b8.png' no encontrado. Mejor coincidencia: 0.44 (Intento 48)
2025-09-17 15:53:29,523 - views.main_view - INFO - Botón 'img/b8.png' no encontrado. Mejor coincidencia: 0.45 (Intento 49)
2025-09-17 15:53:30,781 - views.main_view - INFO - Botón 'img/b8.png' no encontrado. Mejor coincidencia: 0.43 (Intento 50)
2025-09-17 15:53:31,196 - models.image_search_model - INFO - Intento 50: Mejor coincidencia: 0.43
2025-09-17 15:53:41,200 - views.main_view - INFO - Botón 'img/b8.png' no encontrado. Mejor coincidencia: 0.43 (Intento 51)
2025-09-17 15:53:42,429 - views.main_view - INFO - Botón 'img/b8.png' no encontrado. Mejor coincidencia: 0.43 (Intento 52)
2025-09-17 15:53:43,664 - views.main_view - INFO - Botón 'img/b8.png' no encontrado. Mejor coincidencia: 0.43 (Intento 53)
2025-09-17 15:53:44,934 - views.main_view - INFO - Botón 'img/b8.png' no encontrado. Mejor coincidencia: 0.43 (Intento 54)
2025-09-17 15:53:46,231 - views.main_view - INFO - Botón 'img/b8.png' no encontrado. Mejor coincidencia: 0.43 (Intento 55)
2025-09-17 15:53:47,642 - views.main_view - INFO - Botón 'img/b8.png' no encontrado. Mejor coincidencia: 0.45 (Intento 56)
2025-09-17 15:53:48,982 - views.main_view - INFO - Botón 'img/b8.png' no encontrado. Mejor coincidencia: 0.43 (Intento 57)
2025-09-17 15:53:50,399 - views.main_view - INFO - Botón 'img/b8.png' no encontrado. Mejor coincidencia: 0.43 (Intento 58)
2025-09-17 15:53:51,692 - views.main_view - INFO - Botón 'img/b8.png' no encontrado. Mejor coincidencia: 0.43 (Intento 59)
2025-09-17 15:53:53,070 - views.main_view - INFO - Botón 'img/b8.png' no encontrado. Mejor coincidencia: 0.43 (Intento 60)
2025-09-17 15:53:53,459 - models.image_search_model - INFO - Intento 60: Mejor coincidencia: 0.43
2025-09-17 15:54:03,467 - views.main_view - INFO - Botón 'img/b8.png' no encontrado. Mejor coincidencia: 0.43 (Intento 61)
2025-09-17 15:54:04,723 - views.main_view - INFO - Botón 'img/b8.png' no encontrado. Mejor coincidencia: 0.50 (Intento 62)
2025-09-17 15:54:06,131 - views.main_view - INFO - Botón 'img/b8.png' no encontrado. Mejor coincidencia: 0.50 (Intento 63)
2025-09-17 15:54:07,577 - views.main_view - INFO - Botón 'img/b8.png' no encontrado. Mejor coincidencia: 0.44 (Intento 64)
2025-09-17 15:54:08,982 - views.main_view - INFO - Botón 'img/b8.png' no encontrado. Mejor coincidencia: 0.59 (Intento 65)
2025-09-17 15:54:10,408 - views.main_view - INFO - Botón 'img/b8.png' no encontrado. Mejor coincidencia: 0.55 (Intento 66)
2025-09-17 15:54:11,815 - views.main_view - INFO - Botón 'img/b8.png' no encontrado. Mejor coincidencia: 0.55 (Intento 67)
2025-09-17 15:54:13,249 - views.main_view - INFO - Botón 'img/b8.png' no encontrado. Mejor coincidencia: 0.53 (Intento 68)
2025-09-17 15:54:14,490 - views.main_view - INFO - Botón 'img/b8.png' no encontrado. Mejor coincidencia: 0.56 (Intento 69)
2025-09-17 15:54:15,946 - views.main_view - INFO - Botón 'img/b8.png' no encontrado. Mejor coincidencia: 0.54 (Intento 70)
2025-09-17 15:54:16,369 - models.image_search_model - INFO - Intento 70: Mejor coincidencia: 0.56
2025-09-17 15:54:26,377 - views.main_view - INFO - Botón 'img/b8.png' no encontrado. Mejor coincidencia: 0.56 (Intento 71)
2025-09-17 15:54:27,620 - views.main_view - INFO - Botón 'img/b8.png' no encontrado. Mejor coincidencia: 0.44 (Intento 72)
2025-09-17 15:54:29,024 - views.main_view - INFO - Botón 'img/b8.png' no encontrado. Mejor coincidencia: 0.44 (Intento 73)
2025-09-17 15:54:30,248 - views.main_view - INFO - Botón 'img/b8.png' no encontrado. Mejor coincidencia: 0.44 (Intento 74)
2025-09-17 15:54:31,490 - views.main_view - INFO - Botón 'img/b8.png' no encontrado. Mejor coincidencia: 0.44 (Intento 75)
2025-09-17 15:54:32,804 - views.main_view - INFO - Botón 'img/b8.png' no encontrado. Mejor coincidencia: 0.44 (Intento 76)
2025-09-17 15:54:34,069 - views.main_view - INFO - Botón 'img/b8.png' no encontrado. Mejor coincidencia: 0.44 (Intento 77)
2025-09-17 15:54:35,398 - views.main_view - INFO - Botón 'img/b8.png' no encontrado. Mejor coincidencia: 0.63 (Intento 78)
2025-09-17 15:54:36,629 - views.main_view - INFO - Botón 'img/b8.png' no encontrado. Mejor coincidencia: 0.62 (Intento 79)
2025-09-17 15:54:37,872 - views.main_view - INFO - Botón 'img/b8.png' no encontrado. Mejor coincidencia: 0.62 (Intento 80)
2025-09-17 15:54:38,102 - models.image_search_model - INFO - Intento 80: Mejor coincidencia: 0.62
2025-09-17 15:54:48,106 - views.main_view - INFO - Botón 'img/b8.png' no encontrado. Mejor coincidencia: 0.62 (Intento 81)
2025-09-17 15:54:49,328 - views.main_view - INFO - Botón 'img/b8.png' no encontrado. Mejor coincidencia: 0.50 (Intento 82)
2025-09-17 15:54:50,557 - views.main_view - INFO - Botón 'img/b8.png' no encontrado. Mejor coincidencia: 0.50 (Intento 83)
2025-09-17 15:54:51,779 - views.main_view - INFO - Botón 'img/b8.png' no encontrado. Mejor coincidencia: 0.50 (Intento 84)
2025-09-17 15:54:53,005 - views.main_view - INFO - Botón 'img/b8.png' no encontrado. Mejor coincidencia: 0.50 (Intento 85)
2025-09-17 15:54:54,245 - views.main_view - INFO - Botón 'img/b8.png' no encontrado. Mejor coincidencia: 0.50 (Intento 86)
2025-09-17 15:54:55,544 - views.main_view - INFO - Botón 'img/b8.png' no encontrado. Mejor coincidencia: 0.50 (Intento 87)
2025-09-17 15:54:56,798 - views.main_view - INFO - Botón 'img/b8.png' no encontrado. Mejor coincidencia: 0.50 (Intento 88)
2025-09-17 15:54:58,210 - views.main_view - INFO - Botón 'img/b8.png' no encontrado. Mejor coincidencia: 0.44 (Intento 89)
2025-09-17 15:54:59,555 - views.main_view - INFO - Botón 'img/b8.png' no encontrado. Mejor coincidencia: 0.46 (Intento 90)
2025-09-17 15:54:59,854 - models.image_search_model - INFO - Intento 90: Mejor coincidencia: 0.44
2025-09-17 15:55:09,861 - views.main_view - INFO - Botón 'img/b8.png' no encontrado. Mejor coincidencia: 0.44 (Intento 91)
2025-09-17 15:55:11,089 - views.main_view - INFO - Botón 'img/b8.png' no encontrado. Mejor coincidencia: 0.44 (Intento 92)
2025-09-17 15:55:12,332 - views.main_view - INFO - Botón 'img/b8.png' no encontrado. Mejor coincidencia: 0.44 (Intento 93)
2025-09-17 15:55:13,755 - views.main_view - INFO - Botón 'img/b8.png' no encontrado. Mejor coincidencia: 0.50 (Intento 94)
2025-09-17 15:55:15,080 - views.main_view - INFO - Botón 'img/b8.png' no encontrado. Mejor coincidencia: 0.52 (Intento 95)
2025-09-17 15:55:16,510 - views.main_view - INFO - Botón 'img/b8.png' no encontrado. Mejor coincidencia: 0.60 (Intento 96)
2025-09-17 15:55:17,799 - views.main_view - INFO - Botón 'img/b8.png' no encontrado. Mejor coincidencia: 0.59 (Intento 97)
2025-09-17 15:55:19,282 - views.main_view - INFO - Botón 'img/b8.png' no encontrado. Mejor coincidencia: 0.58 (Intento 98)
2025-09-17 15:55:20,736 - views.main_view - INFO - Botón 'img/b8.png' no encontrado. Mejor coincidencia: 0.58 (Intento 99)
2025-09-17 15:55:22,100 - views.main_view - INFO - Botón 'img/b8.png' no encontrado. Mejor coincidencia: 0.55 (Intento 100)
2025-09-17 15:55:22,554 - models.image_search_model - INFO - Intento 100: Mejor coincidencia: 0.51
2025-09-17 15:55:32,557 - views.main_view - INFO - Botón 'img/b8.png' no encontrado. Mejor coincidencia: 0.51 (Intento 101)
2025-09-17 15:55:33,803 - views.main_view - INFO - Botón 'img/b8.png' no encontrado. Mejor coincidencia: 0.55 (Intento 102)
2025-09-17 15:55:35,135 - views.main_view - INFO - Botón 'img/b8.png' no encontrado. Mejor coincidencia: 0.43 (Intento 103)
2025-09-17 15:55:36,523 - views.main_view - INFO - Botón 'img/b8.png' no encontrado. Mejor coincidencia: 0.43 (Intento 104)
2025-09-17 15:55:37,924 - views.main_view - INFO - Botón 'img/b8.png' no encontrado. Mejor coincidencia: 0.43 (Intento 105)
2025-09-17 15:55:39,165 - views.main_view - INFO - Botón 'img/b8.png' no encontrado. Mejor coincidencia: 0.43 (Intento 106)
2025-09-17 15:55:40,540 - views.main_view - INFO - Botón 'img/b8.png' no encontrado. Mejor coincidencia: 0.43 (Intento 107)
2025-09-17 15:55:41,865 - views.main_view - INFO - Botón 'img/b8.png' no encontrado. Mejor coincidencia: 0.43 (Intento 108)
2025-09-17 15:55:43,248 - views.main_view - INFO - Botón 'img/b8.png' no encontrado. Mejor coincidencia: 0.43 (Intento 109)
2025-09-17 15:55:44,523 - views.main_view - INFO - Botón 'img/b8.png' no encontrado. Mejor coincidencia: 0.43 (Intento 110)
2025-09-17 15:55:44,937 - models.image_search_model - INFO - Intento 110: Mejor coincidencia: 0.43
2025-09-17 15:55:54,942 - views.main_view - INFO - Botón 'img/b8.png' no encontrado. Mejor coincidencia: 0.43 (Intento 111)
2025-09-17 15:55:56,185 - views.main_view - INFO - Botón 'img/b8.png' no encontrado. Mejor coincidencia: 0.43 (Intento 112)
2025-09-17 15:55:57,428 - views.main_view - INFO - Botón 'img/b8.png' no encontrado. Mejor coincidencia: 0.43 (Intento 113)
2025-09-17 15:56:00,497 - views.main_view - INFO - Botón 'img/b8.png' encontrado en (1287, 722) - Confianza: 0.80
2025-09-17 15:56:00,505 - views.main_view - INFO - Presionando Enter 3 veces
2025-09-17 15:56:03,120 - views.main_view - INFO - Secuencia completada para lote 1 de 462
2025-09-17 15:56:03,122 - views.main_view - INFO - Esperando 1 segundos antes del próximo lote...
2025-09-17 15:56:03,125 - views.main_view - INFO - Tiempo restante: 1 segundos
2025-09-17 15:56:04,127 - utils.config_manager - INFO - Configuración guardada correctamente
2025-09-17 15:56:04,129 - views.main_view - INFO - Procesando lote 2 de 462
2025-09-17 15:56:04,132 - views.main_view - INFO - Procesando archivo: LT 2.KML
2025-09-17 15:56:07,113 - views.main_view - INFO - Botón 'img/b1.png' encontrado en (453, 161) - Confianza: 0.93
2025-09-17 15:56:12,147 - views.main_view - INFO - Botón 'img/b2.png' encontrado en (1137, 262) - Confianza: 0.98
2025-09-17 15:56:15,426 - views.main_view - INFO - Botón 'img/b3.png' no encontrado. Mejor coincidencia: 0.59 (Intento 2)
2025-09-17 15:56:16,696 - views.main_view - INFO - Botón 'img/b3.png' no encontrado. Mejor coincidencia: 0.59 (Intento 3)
2025-09-17 15:56:17,980 - views.main_view - INFO - Botón 'img/b3.png' no encontrado. Mejor coincidencia: 0.59 (Intento 4)
2025-09-17 15:56:19,231 - views.main_view - INFO - Botón 'img/b3.png' no encontrado. Mejor coincidencia: 0.59 (Intento 5)
2025-09-17 15:56:19,803 - views.main_view - INFO - Búsqueda pausada (Presione ESC para reanudar)
2025-09-17 15:56:20,480 - views.main_view - INFO - Botón 'img/b3.png' no encontrado. Mejor coincidencia: 0.59 (Intento 6)
2025-09-17 15:56:38,395 - views.pause_window - INFO - Reanudando proceso desde ventana de pausa
2025-09-17 15:56:38,433 - views.main_view - INFO - Búsqueda reanudada
2025-09-17 15:56:39,674 - views.main_view - INFO - Botón 'img/b3.png' no encontrado. Mejor coincidencia: 0.59 (Intento 7)
2025-09-17 15:56:40,916 - views.main_view - INFO - Botón 'img/b3.png' no encontrado. Mejor coincidencia: 0.59 (Intento 8)
2025-09-17 15:56:42,153 - views.main_view - INFO - Botón 'img/b3.png' no encontrado. Mejor coincidencia: 0.59 (Intento 9)
2025-09-17 15:56:43,396 - views.main_view - INFO - Botón 'img/b3.png' no encontrado. Mejor coincidencia: 0.59 (Intento 10)
2025-09-17 15:56:43,632 - models.image_search_model - INFO - Intento 10: Mejor coincidencia: 0.59
2025-09-17 15:56:45,336 - utils.ahk_manager - INFO - AutoHotkey detenido correctamente
2025-09-17 15:56:45,338 - views.main_view - INFO - Proceso detenido
2025-09-17 15:56:53,636 - views.main_view - INFO - Botón 'img/b3.png' no encontrado. Mejor coincidencia: 0.59 (Intento 11)
2025-09-17 15:56:53,642 - views.main_view - INFO - Error: No se pudo encontrar el botón 'img/b3.png' después de 2 intentos
2025-09-17 15:56:53,646 - views.main_view - INFO - Secuencia interrumpida para lote 2 de 462
2025-09-17 15:56:53,650 - views.main_view - INFO - Proceso completado
2025-09-17 15:56:59,982 - views.main_view - INFO - Iniciando proceso de búsqueda...
2025-09-17 15:56:59,983 - views.main_view - INFO - Distrito: No tiene distrito (usando LT)
2025-09-17 15:56:59,985 - views.main_view - INFO - Lotes: 1 a 462
2025-09-17 15:56:59,986 - views.main_view - INFO - Tiempo de espera entre lotes: 1 segundos
2025-09-17 15:56:59,986 - views.main_view - INFO - Secuencia predefinida a ejecutar:
2025-09-17 15:56:59,987 - views.main_view - INFO -   1. img/b1.png (clics: 1, confianza: 0.68)
2025-09-17 15:56:59,987 - views.main_view - INFO -   2. img/b2.png (clics: 1, confianza: 0.68)
2025-09-17 15:56:59,987 - views.main_view - INFO -   3. img/b3.png (clics: 1, confianza: 0.68)
2025-09-17 15:56:59,987 - views.main_view - INFO -   4. img/b4.png (clics: 1, confianza: 0.68)
2025-09-17 15:56:59,988 - views.main_view - INFO -   5. img/b1.png (clics: 1, confianza: 0.68)
2025-09-17 15:56:59,988 - views.main_view - INFO -   6. img/b6.png (clics: 1, confianza: 0.68)
2025-09-17 15:56:59,989 - views.main_view - INFO -   7. img/b7.png (clics: 1, confianza: 0.68)
2025-09-17 15:56:59,989 - views.main_view - INFO -   8. img/b8.png (clics: 1, confianza: 0.68)
2025-09-17 15:56:59,990 - utils.config_manager - INFO - Configuración guardada correctamente
2025-09-17 15:56:59,994 - views.main_view - INFO - Procesando lote 1 de 462
2025-09-17 15:56:59,996 - views.main_view - INFO - Procesando archivo: LT 1.KML
2025-09-17 15:57:01,254 - views.main_view - INFO - Botón 'img/b1.png' no encontrado. Mejor coincidencia: 0.50 (Intento 2)
2025-09-17 15:57:02,497 - views.main_view - INFO - Botón 'img/b1.png' no encontrado. Mejor coincidencia: 0.50 (Intento 3)
2025-09-17 15:57:03,746 - views.main_view - INFO - Botón 'img/b1.png' no encontrado. Mejor coincidencia: 0.50 (Intento 4)
2025-09-17 15:57:04,989 - views.main_view - INFO - Botón 'img/b1.png' no encontrado. Mejor coincidencia: 0.50 (Intento 5)
2025-09-17 15:57:06,232 - utils.ahk_manager - INFO - AutoHotkey detenido correctamente
2025-09-17 15:57:06,234 - views.main_view - INFO - Proceso detenido
2025-09-17 15:57:06,258 - views.main_view - INFO - Botón 'img/b1.png' no encontrado. Mejor coincidencia: 0.50 (Intento 6)
2025-09-17 15:57:06,268 - views.main_view - INFO - Error: No se pudo encontrar el botón 'img/b1.png' después de 1 intentos
2025-09-17 15:57:06,272 - views.main_view - INFO - Secuencia interrumpida para lote 1 de 462
2025-09-17 15:57:06,279 - views.main_view - INFO - Proceso completado
2025-09-17 16:20:58,418 - __main__ - WARNING - No se pudo cargar el icono de la aplicación
2025-09-17 16:20:58,419 - utils.config_manager - INFO - Configuración cargada correctamente
2025-09-17 16:21:09,127 - views.login_window - INFO - Usuario autenticado correctamente
2025-09-17 16:21:12,059 - utils.config_manager - INFO - Configuración guardada correctamente
2025-09-17 16:21:12,060 - views.main_view - INFO - Opción 'No tiene distrito' cambiada a: False
2025-09-17 16:21:12,061 - utils.config_manager - INFO - Configuración guardada correctamente
2025-09-17 16:21:13,980 - utils.config_manager - INFO - Configuración guardada correctamente
2025-09-17 16:21:13,981 - views.main_view - INFO - Opción 'No tiene distrito' cambiada a: True
2025-09-17 16:21:13,982 - utils.config_manager - INFO - Configuración guardada correctamente
2025-09-17 16:21:15,351 - utils.config_manager - INFO - Configuración guardada correctamente
2025-09-17 16:21:15,352 - views.main_view - INFO - Opción 'No tiene distrito' cambiada a: False
2025-09-17 16:21:15,353 - utils.config_manager - INFO - Configuración guardada correctamente
2025-09-17 16:21:18,937 - utils.config_manager - INFO - Configuración guardada correctamente
2025-09-17 16:21:18,937 - views.main_view - INFO - Opción 'No tiene distrito' cambiada a: True
2025-09-17 16:21:18,938 - utils.config_manager - INFO - Configuración guardada correctamente
2025-09-17 16:21:21,430 - views.main_view - INFO - Iniciando proceso de búsqueda...
2025-09-17 16:21:21,430 - views.main_view - INFO - Distrito: No tiene distrito (usando LT)
2025-09-17 16:21:21,431 - views.main_view - INFO - Lotes: 1 a 462
2025-09-17 16:21:21,431 - views.main_view - INFO - Tiempo de espera entre lotes: 1 segundos
2025-09-17 16:21:21,431 - views.main_view - INFO - Secuencia predefinida a ejecutar:
2025-09-17 16:21:21,432 - views.main_view - INFO -   1. img/b1.png (clics: 1, confianza: 0.68)
2025-09-17 16:21:21,433 - views.main_view - INFO -   2. img/b2.png (clics: 1, confianza: 0.68)
2025-09-17 16:21:21,434 - views.main_view - INFO -   3. img/b3.png (clics: 1, confianza: 0.68)
2025-09-17 16:21:21,435 - views.main_view - INFO -   4. img/b4.png (clics: 1, confianza: 0.68)
2025-09-17 16:21:21,435 - views.main_view - INFO -   5. img/b1.png (clics: 1, confianza: 0.68)
2025-09-17 16:21:21,435 - views.main_view - INFO -   6. img/b6.png (clics: 1, confianza: 0.68)
2025-09-17 16:21:21,436 - views.main_view - INFO -   7. img/b7.png (clics: 1, confianza: 0.68)
2025-09-17 16:21:21,436 - views.main_view - INFO -   8. img/b8.png (clics: 1, confianza: 0.68)
2025-09-17 16:21:21,437 - views.main_view - INFO - Procesando archivo: LT 1.KML
2025-09-17 16:21:22,711 - views.main_view - INFO - Botón 'img/b1.png' no encontrado. Mejor coincidencia: 0.47 (Intento 2)
2025-09-17 16:21:23,966 - views.main_view - INFO - Botón 'img/b1.png' no encontrado. Mejor coincidencia: 0.53 (Intento 3)
2025-09-17 16:21:25,217 - views.main_view - INFO - Botón 'img/b1.png' no encontrado. Mejor coincidencia: 0.53 (Intento 4)
2025-09-17 16:21:26,408 - views.main_view - INFO - Proceso detenido
2025-09-17 16:21:26,474 - views.main_view - INFO - Botón 'img/b1.png' no encontrado. Mejor coincidencia: 0.53 (Intento 5)
2025-09-17 16:21:26,480 - views.main_view - INFO - Error: No se pudo encontrar el botón 'img/b1.png' después de 1 intentos
2025-09-17 16:21:26,484 - views.main_view - INFO - Secuencia interrumpida para lote 1 de 462
2025-09-17 16:21:26,487 - views.main_view - INFO - Proceso completado
2025-09-18 11:52:32,319 - __main__ - WARNING - No se pudo cargar el icono de la aplicación
2025-09-18 11:52:32,337 - utils.config_manager - INFO - Configuración cargada correctamente
2025-09-18 11:52:41,443 - views.login_window - INFO - Usuario autenticado correctamente
2025-09-18 11:53:09,943 - views.main_view - INFO - Iniciando proceso de búsqueda...
2025-09-18 11:53:09,943 - views.main_view - INFO - Distrito: No tiene distrito (usando LT)
2025-09-18 11:53:09,944 - views.main_view - INFO - Lotes: 1 a 462
2025-09-18 11:53:09,944 - views.main_view - INFO - Tiempo de espera entre lotes: 1 segundos
2025-09-18 11:53:09,944 - views.main_view - INFO - Secuencia predefinida a ejecutar:
2025-09-18 11:53:09,945 - views.main_view - INFO -   1. img/b1.png (clics: 2, confianza: 0.68)
2025-09-18 11:53:09,945 - views.main_view - INFO -   2. img/b2.png (clics: 1, confianza: 0.68)
2025-09-18 11:53:09,945 - views.main_view - INFO -   3. img/b3.png (clics: 1, confianza: 0.68)
2025-09-18 11:53:09,945 - views.main_view - INFO -   4. img/b4.png (clics: 1, confianza: 0.68)
2025-09-18 11:53:09,945 - views.main_view - INFO -   5. img/b1.png (clics: 1, confianza: 0.68)
2025-09-18 11:53:09,946 - views.main_view - INFO -   6. img/b6.png (clics: 1, confianza: 0.68)
2025-09-18 11:53:09,946 - views.main_view - INFO -   7. img/b7.png (clics: 1, confianza: 0.68)
2025-09-18 11:53:09,946 - views.main_view - INFO -   8. img/b8.png (clics: 1, confianza: 0.68)
2025-09-18 11:53:09,947 - views.main_view - INFO - Procesando archivo: LT 1.kml
2025-09-18 11:53:11,831 - views.main_view - INFO - Botón 'img/b1.png' no encontrado. Mejor coincidencia: 0.53 (Intento 2)
2025-09-18 11:53:12,299 - views.main_view - INFO - Búsqueda pausada (Presione ESC para reanudar)
2025-09-18 11:53:13,605 - views.main_view - INFO - Botón 'img/b1.png' no encontrado. Mejor coincidencia: 0.53 (Intento 3)
2025-09-18 11:53:16,385 - views.main_view - INFO - Proceso detenido
2025-09-18 11:53:16,387 - views.main_view - INFO - Error: No se pudo encontrar el botón 'img/b1.png' después de 1 intentos
2025-09-18 11:53:16,394 - views.main_view - INFO - Secuencia interrumpida para lote 1 de 462
2025-09-18 11:53:16,401 - views.main_view - INFO - Proceso completado
